Using pre-set license
Built from '2021.3/china_unity/release' branch; Version is '2021.3.6f1c1 (07401303b748) revision 475155'; Using compiler version '192829333'; Build Type 'Release'
OS: 'Windows 10  (10.0.19044) 64bit Professional' Language: 'zh' Physical Memory: 32544 MB
BatchMode: 1, IsHumanControllingUs: 0, StartBugReporterOnCrash: 0, Is64bit: 1, IsPro: 1

COMMAND LINE ARGUMENTS:
C:\Program Files\Unity\Hub\Editor\2021.3.6f1c1\Editor\Unity.exe
-adb2
-batchMode
-noUpm
-name
AssetImportWorker0
-projectPath
D:/GitHub/UnityAStarNavigation
-logFile
Logs/AssetImportWorker0.log
-srvPort
50900
Successfully changed project path to: D:/GitHub/UnityAStarNavigation
D:/GitHub/UnityAStarNavigation
[UnityMemory] Configuration Parameters - Can be set up in boot.config
    "memorysetup-bucket-allocator-granularity=16"
    "memorysetup-bucket-allocator-bucket-count=8"
    "memorysetup-bucket-allocator-block-size=33554432"
    "memorysetup-bucket-allocator-block-count=8"
    "memorysetup-main-allocator-block-size=16777216"
    "memorysetup-thread-allocator-block-size=16777216"
    "memorysetup-gfx-main-allocator-block-size=16777216"
    "memorysetup-gfx-thread-allocator-block-size=16777216"
    "memorysetup-cache-allocator-block-size=4194304"
    "memorysetup-typetree-allocator-block-size=2097152"
    "memorysetup-profiler-bucket-allocator-granularity=16"
    "memorysetup-profiler-bucket-allocator-bucket-count=8"
    "memorysetup-profiler-bucket-allocator-block-size=33554432"
    "memorysetup-profiler-bucket-allocator-block-count=8"
    "memorysetup-profiler-allocator-block-size=16777216"
    "memorysetup-profiler-editor-allocator-block-size=1048576"
    "memorysetup-temp-allocator-size-main=16777216"
    "memorysetup-job-temp-allocator-block-size=2097152"
    "memorysetup-job-temp-allocator-block-size-background=1048576"
    "memorysetup-job-temp-allocator-reduction-small-platforms=262144"
    "memorysetup-temp-allocator-size-background-worker=32768"
    "memorysetup-temp-allocator-size-job-worker=262144"
    "memorysetup-temp-allocator-size-preload-manager=33554432"
    "memorysetup-temp-allocator-size-nav-mesh-worker=65536"
    "memorysetup-temp-allocator-size-audio-worker=65536"
    "memorysetup-temp-allocator-size-cloud-worker=32768"
    "memorysetup-temp-allocator-size-gi-baking-worker=262144"
    "memorysetup-temp-allocator-size-gfx=262144"
AS: AutoStreaming module initializing.
Refreshing native plugins compatible for Editor in 35.59 ms, found 2 plugins.
Preloading 0 native plugins for Editor in 0.00 ms.
Initialize engine version: 2021.3.6f1c1 (07401303b748)
[Subsystems] Discovering subsystems at path C:/Program Files/Unity/Hub/Editor/2021.3.6f1c1/Editor/Data/Resources/UnitySubsystems
[Subsystems] Discovering subsystems at path D:/GitHub/UnityAStarNavigation/Assets
GfxDevice: creating device client; threaded=0; jobified=0
Direct3D:
    Version:  Direct3D 11.0 [level 11.1]
    Renderer: NVIDIA GeForce RTX 2060 SUPER (ID=0x1f06)
    Vendor:   NVIDIA
    VRAM:     8031 MB
    Driver:   30.0.14.7208
Initialize mono
Mono path[0] = 'C:/Program Files/Unity/Hub/Editor/2021.3.6f1c1/Editor/Data/Managed'
Mono path[1] = 'C:/Program Files/Unity/Hub/Editor/2021.3.6f1c1/Editor/Data/MonoBleedingEdge/lib/mono/unityjit-win32'
Mono config path = 'C:/Program Files/Unity/Hub/Editor/2021.3.6f1c1/Editor/Data/MonoBleedingEdge/etc'
Using monoOptions --debugger-agent=transport=dt_socket,embedding=1,server=y,suspend=n,address=127.0.0.1:56248
Begin MonoManager ReloadAssembly
Registering precompiled unity dll's ...
Register platform support module: C:/Program Files/Unity/Hub/Editor/2021.3.6f1c1/Editor/Data/PlaybackEngines/AndroidPlayer/UnityEditor.Android.Extensions.dll
Register platform support module: C:/Program Files/Unity/Hub/Editor/2021.3.6f1c1/Editor/Data/PlaybackEngines/iOSSupport/UnityEditor.iOS.Extensions.dll
Register platform support module: C:/Program Files/Unity/Hub/Editor/2021.3.6f1c1/Editor/Data/PlaybackEngines/WindowsStandaloneSupport/UnityEditor.WindowsStandalone.Extensions.dll
Registered in 0.011688 seconds.
Native extension for WindowsStandalone target not found
[usbmuxd] Start listen thread
[usbmuxd] Listen thread started
Native extension for iOS target not found
Native extension for Android target not found
Refreshing native plugins compatible for Editor in 43.09 ms, found 2 plugins.
Preloading 0 native plugins for Editor in 0.00 ms.
Mono: successfully reloaded assembly
- Completed reload, in  0.633 seconds
Domain Reload Profiling:
	ReloadAssembly (633ms)
		BeginReloadAssembly (74ms)
			ExecutionOrderSort (0ms)
			DisableScriptedObjects (0ms)
			BackupInstance (0ms)
			ReleaseScriptingObjects (0ms)
			CreateAndSetChildDomain (1ms)
		EndReloadAssembly (441ms)
			LoadAssemblies (69ms)
			RebuildTransferFunctionScriptingTraits (0ms)
			SetupTypeCache (101ms)
			ReleaseScriptCaches (0ms)
			RebuildScriptCaches (24ms)
			SetupLoadedEditorAssemblies (257ms)
				LogAssemblyErrors (0ms)
				InitializePlatformSupportModulesInManaged (59ms)
				SetLoadedEditorAssemblies (0ms)
				RefreshPlugins (43ms)
				BeforeProcessingInitializeOnLoad (1ms)
				ProcessInitializeOnLoadAttributes (106ms)
				ProcessInitializeOnLoadMethodAttributes (48ms)
				AfterProcessingInitializeOnLoad (0ms)
				EditorAssembliesLoaded (0ms)
			ExecutionOrderSort2 (0ms)
			AwakeInstancesAfterBackupRestoration (0ms)
Platform modules already initialized, skipping
Registering precompiled user dll's ...
Registered in 0.019377 seconds.
Begin MonoManager ReloadAssembly
Native extension for WindowsStandalone target not found
Native extension for iOS target not found
Native extension for Android target not found
Refreshing native plugins compatible for Editor in 0.88 ms, found 2 plugins.
Preloading 0 native plugins for Editor in 0.00 ms.
Mono: successfully reloaded assembly
- Completed reload, in  0.903 seconds
Domain Reload Profiling:
	ReloadAssembly (904ms)
		BeginReloadAssembly (107ms)
			ExecutionOrderSort (0ms)
			DisableScriptedObjects (6ms)
			BackupInstance (0ms)
			ReleaseScriptingObjects (0ms)
			CreateAndSetChildDomain (17ms)
		EndReloadAssembly (693ms)
			LoadAssemblies (85ms)
			RebuildTransferFunctionScriptingTraits (0ms)
			SetupTypeCache (204ms)
			ReleaseScriptCaches (0ms)
			RebuildScriptCaches (46ms)
			SetupLoadedEditorAssemblies (324ms)
				LogAssemblyErrors (0ms)
				InitializePlatformSupportModulesInManaged (30ms)
				SetLoadedEditorAssemblies (1ms)
				RefreshPlugins (1ms)
				BeforeProcessingInitializeOnLoad (75ms)
				ProcessInitializeOnLoadAttributes (168ms)
				ProcessInitializeOnLoadMethodAttributes (35ms)
				AfterProcessingInitializeOnLoad (15ms)
				EditorAssembliesLoaded (0ms)
			ExecutionOrderSort2 (0ms)
			AwakeInstancesAfterBackupRestoration (6ms)
Platform modules already initialized, skipping
========================================================================
Worker process is ready to serve import requests
Launched and connected shader compiler UnityShaderCompiler.exe after 0.05 seconds
Refreshing native plugins compatible for Editor in 0.59 ms, found 2 plugins.
Preloading 0 native plugins for Editor in 0.00 ms.
Unloading 2534 Unused Serialized files (Serialized files now loaded: 0)
Unloading 39 unused Assets / (55.9 KB). Loaded Objects now: 2988.
Memory consumption went from 188.8 MB to 188.7 MB.
Total: 2.438400 ms (FindLiveObjects: 0.202900 ms CreateObjectMapping: 0.142000 ms MarkObjects: 2.031600 ms  DeleteObjects: 0.061200 ms)

AssetImportParameters requested are different than current active one (requested -> active):
  custom:video-decoder-ogg-theora: a1e56fd34408186e4bbccfd4996cb3dc -> 
  custom:container-muxer-webm: aa71ff27fc2769a1b78a27578f13a17b -> 
  custom:container-demuxer-webm: 4f35f7cbe854078d1ac9338744f61a02 -> 
  custom:video-encoder-webm-vp8: eb34c28f22e8b96e1ab97ce403110664 -> 
  custom:audio-encoder-webm-vorbis: bf7c407c2cedff20999df2af8eb42d56 -> 
  custom:framework-win-MediaFoundation: 216162199b28c13a410421893ffa2e32 -> 
  custom:container-demuxer-ogg: 62fdf1f143b41e24485cea50d1cbac27 -> 
  custom:video-decoder-webm-vp8: 9c59270c3fd7afecdb556c50c9e8de78 -> 
  custom:audio-decoder-ogg-vorbis: bf7c407c2cedff20999df2af8eb42d56 -> 
========================================================================
Received Import Request.
  Time since last request: 753012.710491 seconds.
  path: Assets/AStarNavigation/Scenes
  artifactKey: Guid(7d340d89c909ebb4ea8710d9b5f5427b) Importer(815301076,1909f56bfc062723c751e8b465ee728b)
Start importing Assets/AStarNavigation/Scenes using Guid(7d340d89c909ebb4ea8710d9b5f5427b) Importer(815301076,1909f56bfc062723c751e8b465ee728b)  -> (artifact id: '696e5e22e469d9e11a4fb35a0282aaf7') in 0.004767 seconds 
========================================================================
Received Import Request.
  Time since last request: 0.000014 seconds.
  path: Assets/AStarNavigation/Scenes/Yuanbang.unity
  artifactKey: Guid(63247f5b2e4e5544c9bae6ab8332567e) Importer(815301076,1909f56bfc062723c751e8b465ee728b)
Start importing Assets/AStarNavigation/Scenes/Yuanbang.unity using Guid(63247f5b2e4e5544c9bae6ab8332567e) Importer(815301076,1909f56bfc062723c751e8b465ee728b)  -> (artifact id: '276ebbcaddde391906e42395d3b90d8b') in 0.002036 seconds 
========================================================================
Received Import Request.
  Time since last request: 0.617250 seconds.
  path: Assets/DijkstraPathFinding
  artifactKey: Guid(33650691baf735042ae8b2475f0f9401) Importer(815301076,1909f56bfc062723c751e8b465ee728b)
Start importing Assets/DijkstraPathFinding using Guid(33650691baf735042ae8b2475f0f9401) Importer(815301076,1909f56bfc062723c751e8b465ee728b)  -> (artifact id: 'eef5739fe37563d676f2872fd1d584fe') in 0.001819 seconds 
========================================================================
Received Import Request.
  Time since last request: 0.810730 seconds.
  path: Assets/HierarchicalPathFinding
  artifactKey: Guid(9ab06be0dc6ef684183307701ef36433) Importer(815301076,1909f56bfc062723c751e8b465ee728b)
Start importing Assets/HierarchicalPathFinding using Guid(9ab06be0dc6ef684183307701ef36433) Importer(815301076,1909f56bfc062723c751e8b465ee728b)  -> (artifact id: 'f8de2ac1a34573d9523a742e12974254') in 0.002032 seconds 
========================================================================
Received Import Request.
  Time since last request: 0.418529 seconds.
  path: Assets/DijkstraPathFinding/PathFinding
  artifactKey: Guid(f921eb449fe6ad64d977d8b5cb031b50) Importer(815301076,1909f56bfc062723c751e8b465ee728b)
Start importing Assets/DijkstraPathFinding/PathFinding using Guid(f921eb449fe6ad64d977d8b5cb031b50) Importer(815301076,1909f56bfc062723c751e8b465ee728b)  -> (artifact id: 'b0aa48da1361dfb1690891f511a1467d') in 0.001945 seconds 
========================================================================
Received Import Request.
  Time since last request: 0.683052 seconds.
  path: Assets/DijkstraPathFinding/PathFinding/Demo
  artifactKey: Guid(a234be0e9c022f34f9d6226ba6da619e) Importer(815301076,1909f56bfc062723c751e8b465ee728b)
Start importing Assets/DijkstraPathFinding/PathFinding/Demo using Guid(a234be0e9c022f34f9d6226ba6da619e) Importer(815301076,1909f56bfc062723c751e8b465ee728b)  -> (artifact id: '922ac88e4356871ccab8a9a0a53ada1a') in 0.001947 seconds 
========================================================================
Received Import Request.
  Time since last request: 0.633143 seconds.
  path: Assets/DijkstraPathFinding/PathFinding/Demo/Demo.unity
  artifactKey: Guid(250f2e79bbe5e7f479824b1fefc4f8ad) Importer(815301076,1909f56bfc062723c751e8b465ee728b)
Start importing Assets/DijkstraPathFinding/PathFinding/Demo/Demo.unity using Guid(250f2e79bbe5e7f479824b1fefc4f8ad) Importer(815301076,1909f56bfc062723c751e8b465ee728b)  -> (artifact id: '8e68176c192d01fff336389b47dd8f9b') in 0.001883 seconds 
========================================================================
Received Prepare
Registering precompiled user dll's ...
Registered in 0.014713 seconds.
Begin MonoManager ReloadAssembly
Native extension for WindowsStandalone target not found
Native extension for iOS target not found
Native extension for Android target not found
Refreshing native plugins compatible for Editor in 0.52 ms, found 2 plugins.
Preloading 0 native plugins for Editor in 0.00 ms.
Mono: successfully reloaded assembly
- Completed reload, in  0.919 seconds
Domain Reload Profiling:
	ReloadAssembly (920ms)
		BeginReloadAssembly (133ms)
			ExecutionOrderSort (0ms)
			DisableScriptedObjects (5ms)
			BackupInstance (0ms)
			ReleaseScriptingObjects (0ms)
			CreateAndSetChildDomain (28ms)
		EndReloadAssembly (685ms)
			LoadAssemblies (91ms)
			RebuildTransferFunctionScriptingTraits (0ms)
			SetupTypeCache (222ms)
			ReleaseScriptCaches (1ms)
			RebuildScriptCaches (37ms)
			SetupLoadedEditorAssemblies (304ms)
				LogAssemblyErrors (0ms)
				InitializePlatformSupportModulesInManaged (32ms)
				SetLoadedEditorAssemblies (0ms)
				RefreshPlugins (1ms)
				BeforeProcessingInitializeOnLoad (59ms)
				ProcessInitializeOnLoadAttributes (164ms)
				ProcessInitializeOnLoadMethodAttributes (32ms)
				AfterProcessingInitializeOnLoad (15ms)
				EditorAssembliesLoaded (0ms)
			ExecutionOrderSort2 (0ms)
			AwakeInstancesAfterBackupRestoration (6ms)
Platform modules already initialized, skipping
Refreshing native plugins compatible for Editor in 2.22 ms, found 2 plugins.
Preloading 0 native plugins for Editor in 0.00 ms.
Unloading 2517 Unused Serialized files (Serialized files now loaded: 0)
Unloading 33 unused Assets / (25.8 KB). Loaded Objects now: 2991.
Memory consumption went from 187.5 MB to 187.5 MB.
Total: 2.088800 ms (FindLiveObjects: 0.175300 ms CreateObjectMapping: 0.096200 ms MarkObjects: 1.796100 ms  DeleteObjects: 0.020600 ms)

AssetImportParameters requested are different than current active one (requested -> active):
  custom:video-decoder-ogg-theora: a1e56fd34408186e4bbccfd4996cb3dc -> 
  custom:container-muxer-webm: aa71ff27fc2769a1b78a27578f13a17b -> 
  custom:container-demuxer-webm: 4f35f7cbe854078d1ac9338744f61a02 -> 
  custom:video-encoder-webm-vp8: eb34c28f22e8b96e1ab97ce403110664 -> 
  custom:audio-encoder-webm-vorbis: bf7c407c2cedff20999df2af8eb42d56 -> 
  custom:framework-win-MediaFoundation: 216162199b28c13a410421893ffa2e32 -> 
  custom:container-demuxer-ogg: 62fdf1f143b41e24485cea50d1cbac27 -> 
  custom:video-decoder-webm-vp8: 9c59270c3fd7afecdb556c50c9e8de78 -> 
  custom:audio-decoder-ogg-vorbis: bf7c407c2cedff20999df2af8eb42d56 -> 
========================================================================
Received Import Request.
  Time since last request: 19.172880 seconds.
  path: Assets/NavMeshCleaner/Demo/demo.unity
  artifactKey: Guid(67facd418350083428b44ce2ed1f80b7) Importer(815301076,1909f56bfc062723c751e8b465ee728b)
Start importing Assets/NavMeshCleaner/Demo/demo.unity using Guid(67facd418350083428b44ce2ed1f80b7) Importer(815301076,1909f56bfc062723c751e8b465ee728b)  -> (artifact id: 'fcb04bb6731bd85d2c13e27753966ee0') in 0.004910 seconds 
========================================================================
Received Import Request.
  Time since last request: 5.102827 seconds.
  path: Assets/QPathFinder/TestGraph.unity
  artifactKey: Guid(9cbb849ae8a4018489f840ead53c62d2) Importer(815301076,1909f56bfc062723c751e8b465ee728b)
Start importing Assets/QPathFinder/TestGraph.unity using Guid(9cbb849ae8a4018489f840ead53c62d2) Importer(815301076,1909f56bfc062723c751e8b465ee728b)  -> (artifact id: 'cbd5121f94d92fedfadce49eec503301') in 0.002146 seconds 
========================================================================
Received Import Request.
  Time since last request: 8.162305 seconds.
  path: Assets/aaaaa.unity
  artifactKey: Guid(2ac4237f751e11146938322ce98764d1) Importer(815301076,1909f56bfc062723c751e8b465ee728b)
Start importing Assets/aaaaa.unity using Guid(2ac4237f751e11146938322ce98764d1) Importer(815301076,1909f56bfc062723c751e8b465ee728b)  -> (artifact id: 'a9b110b3c8b4301ec08c4186f59e9211') in 0.001951 seconds 
========================================================================
Received Import Request.
  Time since last request: 11.459540 seconds.
  path: Assets/QuadTreeAStarPathFindingForUnity/Scenes/SampleScene.unity
  artifactKey: Guid(9fc0d4010bbf28b4594072e72b8655ab) Importer(815301076,1909f56bfc062723c751e8b465ee728b)
Start importing Assets/QuadTreeAStarPathFindingForUnity/Scenes/SampleScene.unity using Guid(9fc0d4010bbf28b4594072e72b8655ab) Importer(815301076,1909f56bfc062723c751e8b465ee728b)  -> (artifact id: '991135efbc0c4571650ab66b2cdf0585') in 0.001763 seconds 
========================================================================
Received Import Request.
  Time since last request: 11.866090 seconds.
  path: Assets/HierarchicalPathFinding/Scenes/demo.unity
  artifactKey: Guid(3e68d5f417fb1244097f0c272a02ee5d) Importer(815301076,1909f56bfc062723c751e8b465ee728b)
Start importing Assets/HierarchicalPathFinding/Scenes/demo.unity using Guid(3e68d5f417fb1244097f0c272a02ee5d) Importer(815301076,1909f56bfc062723c751e8b465ee728b)  -> (artifact id: '25bc763a103759d17d6a59d0eb246ab8') in 0.001486 seconds 
========================================================================
Received Import Request.
  Time since last request: 0.642796 seconds.
  path: Assets/HierarchicalPathFinding/Scenes/main.unity
  artifactKey: Guid(f7e5d3fa5662d4f41b6648074c2db6b5) Importer(815301076,1909f56bfc062723c751e8b465ee728b)
Start importing Assets/HierarchicalPathFinding/Scenes/main.unity using Guid(f7e5d3fa5662d4f41b6648074c2db6b5) Importer(815301076,1909f56bfc062723c751e8b465ee728b)  -> (artifact id: 'edc2021574691ebc491ba01174699947') in 0.001760 seconds 
========================================================================
Received Prepare
Registering precompiled user dll's ...
Registered in 0.013951 seconds.
Begin MonoManager ReloadAssembly
Native extension for WindowsStandalone target not found
Native extension for iOS target not found
Native extension for Android target not found
Refreshing native plugins compatible for Editor in 0.67 ms, found 2 plugins.
Preloading 0 native plugins for Editor in 0.00 ms.
Mono: successfully reloaded assembly
- Completed reload, in  0.964 seconds
Domain Reload Profiling:
	ReloadAssembly (965ms)
		BeginReloadAssembly (131ms)
			ExecutionOrderSort (0ms)
			DisableScriptedObjects (5ms)
			BackupInstance (0ms)
			ReleaseScriptingObjects (0ms)
			CreateAndSetChildDomain (30ms)
		EndReloadAssembly (724ms)
			LoadAssemblies (92ms)
			RebuildTransferFunctionScriptingTraits (0ms)
			SetupTypeCache (228ms)
			ReleaseScriptCaches (1ms)
			RebuildScriptCaches (36ms)
			SetupLoadedEditorAssemblies (319ms)
				LogAssemblyErrors (0ms)
				InitializePlatformSupportModulesInManaged (39ms)
				SetLoadedEditorAssemblies (0ms)
				RefreshPlugins (1ms)
				BeforeProcessingInitializeOnLoad (60ms)
				ProcessInitializeOnLoadAttributes (169ms)
				ProcessInitializeOnLoadMethodAttributes (31ms)
				AfterProcessingInitializeOnLoad (18ms)
				EditorAssembliesLoaded (0ms)
			ExecutionOrderSort2 (0ms)
			AwakeInstancesAfterBackupRestoration (7ms)
Platform modules already initialized, skipping
Refreshing native plugins compatible for Editor in 3.27 ms, found 2 plugins.
Preloading 0 native plugins for Editor in 0.00 ms.
Unloading 2517 Unused Serialized files (Serialized files now loaded: 0)
Unloading 33 unused Assets / (26.0 KB). Loaded Objects now: 2994.
Memory consumption went from 187.5 MB to 187.5 MB.
Total: 3.574100 ms (FindLiveObjects: 0.221100 ms CreateObjectMapping: 0.121200 ms MarkObjects: 3.181300 ms  DeleteObjects: 0.048700 ms)

AssetImportParameters requested are different than current active one (requested -> active):
  custom:video-decoder-ogg-theora: a1e56fd34408186e4bbccfd4996cb3dc -> 
  custom:container-muxer-webm: aa71ff27fc2769a1b78a27578f13a17b -> 
  custom:container-demuxer-webm: 4f35f7cbe854078d1ac9338744f61a02 -> 
  custom:video-encoder-webm-vp8: eb34c28f22e8b96e1ab97ce403110664 -> 
  custom:audio-encoder-webm-vorbis: bf7c407c2cedff20999df2af8eb42d56 -> 
  custom:framework-win-MediaFoundation: 216162199b28c13a410421893ffa2e32 -> 
  custom:container-demuxer-ogg: 62fdf1f143b41e24485cea50d1cbac27 -> 
  custom:video-decoder-webm-vp8: 9c59270c3fd7afecdb556c50c9e8de78 -> 
  custom:audio-decoder-ogg-vorbis: bf7c407c2cedff20999df2af8eb42d56 -> 
